2020-09-09 11:17:06,807:present_report:INFO:rcpanvelcentral has opened the form
2020-09-09 11:18:26,573:trigger_reload:INFO:S:\Projects 2.0\RotarApp 2.0\RotarApp-2.0\SecReport\views.py changed, reloading.
2020-09-09 11:18:43,886:trigger_reload:INFO:S:\Projects 2.0\RotarApp 2.0\RotarApp-2.0\SecReport\views.py changed, reloading.
2020-09-09 11:19:10,273:trigger_reload:INFO:S:\Projects 2.0\RotarApp 2.0\RotarApp-2.0\SecReport\views.py changed, reloading.
2020-09-09 11:19:15,004:trigger_reload:INFO:S:\Projects 2.0\RotarApp 2.0\RotarApp-2.0\SecReport\views.py changed, reloading.
2020-09-09 11:19:18,950:trigger_reload:INFO:S:\Projects 2.0\RotarApp 2.0\RotarApp-2.0\SecReport\views.py changed, reloading.
2020-09-09 11:19:22,318:trigger_reload:INFO:S:\Projects 2.0\RotarApp 2.0\RotarApp-2.0\SecReport\views.py changed, reloading.
2020-09-09 11:19:25,966:trigger_reload:INFO:S:\Projects 2.0\RotarApp 2.0\RotarApp-2.0\SecReport\views.py changed, reloading.
2020-09-09 11:19:30,737:trigger_reload:INFO:S:\Projects 2.0\RotarApp 2.0\RotarApp-2.0\SecReport\views.py changed, reloading.
2020-09-09 11:19:35,399:trigger_reload:INFO:S:\Projects 2.0\RotarApp 2.0\RotarApp-2.0\SecReport\views.py changed, reloading.
2020-09-09 11:19:39,983:trigger_reload:INFO:S:\Projects 2.0\RotarApp 2.0\RotarApp-2.0\SecReport\views.py changed, reloading.
2020-09-09 11:19:43,267:trigger_reload:INFO:S:\Projects 2.0\RotarApp 2.0\RotarApp-2.0\SecReport\views.py changed, reloading.
2020-09-09 11:19:46,648:trigger_reload:INFO:S:\Projects 2.0\RotarApp 2.0\RotarApp-2.0\SecReport\views.py changed, reloading.
2020-09-09 11:19:50,078:trigger_reload:INFO:S:\Projects 2.0\RotarApp 2.0\RotarApp-2.0\SecReport\views.py changed, reloading.
2020-09-09 11:19:53,506:trigger_reload:INFO:S:\Projects 2.0\RotarApp 2.0\RotarApp-2.0\SecReport\views.py changed, reloading.
2020-09-09 11:19:58,079:trigger_reload:INFO:S:\Projects 2.0\RotarApp 2.0\RotarApp-2.0\SecReport\views.py changed, reloading.
2020-09-09 11:20:18,742:trigger_reload:INFO:S:\Projects 2.0\RotarApp 2.0\RotarApp-2.0\SecReport\views.py changed, reloading.
2020-09-09 11:20:40,937:trigger_reload:INFO:S:\Projects 2.0\RotarApp 2.0\RotarApp-2.0\SecReport\views.py changed, reloading.
2020-09-09 11:20:46,061:trigger_reload:INFO:S:\Projects 2.0\RotarApp 2.0\RotarApp-2.0\SecReport\views.py changed, reloading.
2020-09-09 11:20:53,295:trigger_reload:INFO:S:\Projects 2.0\RotarApp 2.0\RotarApp-2.0\SecReport\views.py changed, reloading.
2020-09-09 11:20:57,037:trigger_reload:INFO:S:\Projects 2.0\RotarApp 2.0\RotarApp-2.0\SecReport\views.py changed, reloading.
2020-09-09 11:21:01,967:trigger_reload:INFO:S:\Projects 2.0\RotarApp 2.0\RotarApp-2.0\SecReport\views.py changed, reloading.
2020-09-09 11:21:43,987:trigger_reload:INFO:S:\Projects 2.0\RotarApp 2.0\RotarApp-2.0\SecReport\views.py changed, reloading.
2020-09-09 11:21:47,422:trigger_reload:INFO:S:\Projects 2.0\RotarApp 2.0\RotarApp-2.0\SecReport\views.py changed, reloading.
2020-09-09 11:21:50,962:trigger_reload:INFO:S:\Projects 2.0\RotarApp 2.0\RotarApp-2.0\SecReport\views.py changed, reloading.
2020-09-09 11:21:55,688:trigger_reload:INFO:S:\Projects 2.0\RotarApp 2.0\RotarApp-2.0\SecReport\views.py changed, reloading.
2020-09-09 11:22:01,288:trigger_reload:INFO:S:\Projects 2.0\RotarApp 2.0\RotarApp-2.0\SecReport\views.py changed, reloading.
2020-09-09 11:22:04,791:trigger_reload:INFO:S:\Projects 2.0\RotarApp 2.0\RotarApp-2.0\SecReport\views.py changed, reloading.
2020-09-09 11:22:08,438:trigger_reload:INFO:S:\Projects 2.0\RotarApp 2.0\RotarApp-2.0\SecReport\views.py changed, reloading.
2020-09-09 11:22:22,321:trigger_reload:INFO:S:\Projects 2.0\RotarApp 2.0\RotarApp-2.0\SecReport\views.py changed, reloading.
2020-09-09 11:22:54,895:trigger_reload:INFO:S:\Projects 2.0\RotarApp 2.0\RotarApp-2.0\SecReport\views.py changed, reloading.
2020-09-09 11:23:56,608:trigger_reload:INFO:S:\Projects 2.0\RotarApp 2.0\RotarApp-2.0\SecReport\views.py changed, reloading.
2020-09-09 11:24:00,038:trigger_reload:INFO:S:\Projects 2.0\RotarApp 2.0\RotarApp-2.0\SecReport\views.py changed, reloading.
2020-09-09 11:24:04,370:trigger_reload:INFO:S:\Projects 2.0\RotarApp 2.0\RotarApp-2.0\SecReport\views.py changed, reloading.
2020-09-09 11:24:10,043:trigger_reload:INFO:S:\Projects 2.0\RotarApp 2.0\RotarApp-2.0\SecReport\views.py changed, reloading.
2020-09-09 11:24:13,373:trigger_reload:INFO:S:\Projects 2.0\RotarApp 2.0\RotarApp-2.0\SecReport\views.py changed, reloading.
2020-09-09 11:24:19,816:trigger_reload:INFO:S:\Projects 2.0\RotarApp 2.0\RotarApp-2.0\SecReport\views.py changed, reloading.
2020-09-09 11:24:24,509:trigger_reload:INFO:S:\Projects 2.0\RotarApp 2.0\RotarApp-2.0\SecReport\views.py changed, reloading.
2020-09-09 11:24:27,789:trigger_reload:INFO:S:\Projects 2.0\RotarApp 2.0\RotarApp-2.0\SecReport\views.py changed, reloading.
2020-09-09 11:24:46,953:trigger_reload:INFO:S:\Projects 2.0\RotarApp 2.0\RotarApp-2.0\SecReport\views.py changed, reloading.
2020-09-09 11:24:51,705:trigger_reload:INFO:S:\Projects 2.0\RotarApp 2.0\RotarApp-2.0\SecReport\views.py changed, reloading.
2020-09-09 11:24:55,044:trigger_reload:INFO:S:\Projects 2.0\RotarApp 2.0\RotarApp-2.0\SecReport\views.py changed, reloading.
2020-09-09 11:25:07,105:trigger_reload:INFO:S:\Projects 2.0\RotarApp 2.0\RotarApp-2.0\SecReport\views.py changed, reloading.
2020-09-09 11:25:20,286:trigger_reload:INFO:S:\Projects 2.0\RotarApp 2.0\RotarApp-2.0\SecReport\views.py changed, reloading.
2020-09-09 11:25:24,833:trigger_reload:INFO:S:\Projects 2.0\RotarApp 2.0\RotarApp-2.0\SecReport\views.py changed, reloading.
2020-09-09 11:25:28,170:trigger_reload:INFO:S:\Projects 2.0\RotarApp 2.0\RotarApp-2.0\SecReport\views.py changed, reloading.
2020-09-09 11:25:40,804:trigger_reload:INFO:S:\Projects 2.0\RotarApp 2.0\RotarApp-2.0\SecReport\views.py changed, reloading.
2020-09-09 11:25:53,918:trigger_reload:INFO:S:\Projects 2.0\RotarApp 2.0\RotarApp-2.0\SecReport\views.py changed, reloading.
2020-09-09 11:26:01,959:trigger_reload:INFO:S:\Projects 2.0\RotarApp 2.0\RotarApp-2.0\SecReport\views.py changed, reloading.
2020-09-09 11:26:10,748:trigger_reload:INFO:S:\Projects 2.0\RotarApp 2.0\RotarApp-2.0\SecReport\views.py changed, reloading.
2020-09-09 11:26:50,647:trigger_reload:INFO:S:\Projects 2.0\RotarApp 2.0\RotarApp-2.0\SecReport\views.py changed, reloading.
2020-09-09 11:27:01,520:trigger_reload:INFO:S:\Projects 2.0\RotarApp 2.0\RotarApp-2.0\SecReport\views.py changed, reloading.
2020-09-09 11:27:35,630:trigger_reload:INFO:S:\Projects 2.0\RotarApp 2.0\RotarApp-2.0\SecReport\views.py changed, reloading.
2020-09-09 11:27:41,471:trigger_reload:INFO:S:\Projects 2.0\RotarApp 2.0\RotarApp-2.0\SecReport\views.py changed, reloading.
2020-09-09 11:27:48,786:trigger_reload:INFO:S:\Projects 2.0\RotarApp 2.0\RotarApp-2.0\SecReport\views.py changed, reloading.
2020-09-09 11:27:53,408:trigger_reload:INFO:S:\Projects 2.0\RotarApp 2.0\RotarApp-2.0\SecReport\views.py changed, reloading.
2020-09-09 11:28:01,575:trigger_reload:INFO:S:\Projects 2.0\RotarApp 2.0\RotarApp-2.0\SecReport\views.py changed, reloading.
2020-09-09 11:28:08,045:trigger_reload:INFO:S:\Projects 2.0\RotarApp 2.0\RotarApp-2.0\SecReport\views.py changed, reloading.
2020-09-09 11:28:18,929:trigger_reload:INFO:S:\Projects 2.0\RotarApp 2.0\RotarApp-2.0\SecReport\views.py changed, reloading.
2020-09-09 11:28:28,673:trigger_reload:INFO:S:\Projects 2.0\RotarApp 2.0\RotarApp-2.0\SecReport\views.py changed, reloading.
2020-09-09 11:28:43,527:trigger_reload:INFO:S:\Projects 2.0\RotarApp 2.0\RotarApp-2.0\SecReport\views.py changed, reloading.
2020-09-09 11:28:49,393:trigger_reload:INFO:S:\Projects 2.0\RotarApp 2.0\RotarApp-2.0\SecReport\views.py changed, reloading.
2020-09-09 11:28:56,089:trigger_reload:INFO:S:\Projects 2.0\RotarApp 2.0\RotarApp-2.0\SecReport\views.py changed, reloading.
2020-09-09 11:29:05,286:trigger_reload:INFO:S:\Projects 2.0\RotarApp 2.0\RotarApp-2.0\SecReport\views.py changed, reloading.
2020-09-09 11:29:13,239:trigger_reload:INFO:S:\Projects 2.0\RotarApp 2.0\RotarApp-2.0\SecReport\views.py changed, reloading.
2020-09-09 11:29:19,063:trigger_reload:INFO:S:\Projects 2.0\RotarApp 2.0\RotarApp-2.0\SecReport\views.py changed, reloading.
2020-09-09 11:29:23,617:trigger_reload:INFO:S:\Projects 2.0\RotarApp 2.0\RotarApp-2.0\SecReport\views.py changed, reloading.
2020-09-09 11:30:39,012:trigger_reload:INFO:S:\Projects 2.0\RotarApp 2.0\RotarApp-2.0\SecReport\views.py changed, reloading.
2020-09-09 11:30:48,499:trigger_reload:INFO:S:\Projects 2.0\RotarApp 2.0\RotarApp-2.0\SecReport\views.py changed, reloading.
2020-09-09 11:30:59,309:trigger_reload:INFO:S:\Projects 2.0\RotarApp 2.0\RotarApp-2.0\SecReport\views.py changed, reloading.
2020-09-09 11:31:02,838:trigger_reload:INFO:S:\Projects 2.0\RotarApp 2.0\RotarApp-2.0\SecReport\views.py changed, reloading.
2020-09-09 11:32:44,719:trigger_reload:INFO:S:\Projects 2.0\RotarApp 2.0\RotarApp-2.0\SecReport\views.py changed, reloading.
2020-09-09 11:32:50,557:trigger_reload:INFO:S:\Projects 2.0\RotarApp 2.0\RotarApp-2.0\SecReport\views.py changed, reloading.
2020-09-09 11:32:53,879:trigger_reload:INFO:S:\Projects 2.0\RotarApp 2.0\RotarApp-2.0\SecReport\views.py changed, reloading.
2020-09-09 11:33:10,460:trigger_reload:INFO:S:\Projects 2.0\RotarApp 2.0\RotarApp-2.0\SecReport\views.py changed, reloading.
2020-09-09 11:33:13,759:trigger_reload:INFO:S:\Projects 2.0\RotarApp 2.0\RotarApp-2.0\SecReport\views.py changed, reloading.
2020-09-09 11:33:18,044:trigger_reload:INFO:S:\Projects 2.0\RotarApp 2.0\RotarApp-2.0\SecReport\views.py changed, reloading.
2020-09-09 11:33:21,198:trigger_reload:INFO:S:\Projects 2.0\RotarApp 2.0\RotarApp-2.0\SecReport\views.py changed, reloading.
2020-09-09 11:33:24,637:trigger_reload:INFO:S:\Projects 2.0\RotarApp 2.0\RotarApp-2.0\SecReport\views.py changed, reloading.
2020-09-09 11:33:29,426:trigger_reload:INFO:S:\Projects 2.0\RotarApp 2.0\RotarApp-2.0\SecReport\views.py changed, reloading.
2020-09-09 11:33:54,860:trigger_reload:INFO:S:\Projects 2.0\RotarApp 2.0\RotarApp-2.0\SecReport\views.py changed, reloading.
2020-09-09 11:35:57,279:trigger_reload:INFO:S:\Projects 2.0\RotarApp 2.0\RotarApp-2.0\SecReport\views.py changed, reloading.
2020-09-09 11:36:04,337:trigger_reload:INFO:S:\Projects 2.0\RotarApp 2.0\RotarApp-2.0\SecReport\views.py changed, reloading.
2020-09-09 11:36:14,939:trigger_reload:INFO:S:\Projects 2.0\RotarApp 2.0\RotarApp-2.0\SecReport\views.py changed, reloading.
2020-09-09 11:36:19,551:trigger_reload:INFO:S:\Projects 2.0\RotarApp 2.0\RotarApp-2.0\SecReport\views.py changed, reloading.
2020-09-09 11:36:22,740:trigger_reload:INFO:S:\Projects 2.0\RotarApp 2.0\RotarApp-2.0\SecReport\views.py changed, reloading.
2020-09-09 11:36:28,289:trigger_reload:INFO:S:\Projects 2.0\RotarApp 2.0\RotarApp-2.0\SecReport\views.py changed, reloading.
2020-09-09 11:36:33,554:trigger_reload:INFO:S:\Projects 2.0\RotarApp 2.0\RotarApp-2.0\SecReport\views.py changed, reloading.
2020-09-09 11:36:52,005:trigger_reload:INFO:S:\Projects 2.0\RotarApp 2.0\RotarApp-2.0\SecReport\views.py changed, reloading.
2020-09-09 11:36:55,519:trigger_reload:INFO:S:\Projects 2.0\RotarApp 2.0\RotarApp-2.0\SecReport\views.py changed, reloading.
2020-09-09 11:36:58,866:trigger_reload:INFO:S:\Projects 2.0\RotarApp 2.0\RotarApp-2.0\SecReport\views.py changed, reloading.
2020-09-09 11:37:03,809:trigger_reload:INFO:S:\Projects 2.0\RotarApp 2.0\RotarApp-2.0\SecReport\views.py changed, reloading.
2020-09-09 11:37:18,399:trigger_reload:INFO:S:\Projects 2.0\RotarApp 2.0\RotarApp-2.0\SecReport\views.py changed, reloading.
2020-09-09 11:37:26,485:trigger_reload:INFO:S:\Projects 2.0\RotarApp 2.0\RotarApp-2.0\SecReport\views.py changed, reloading.
2020-09-09 11:37:35,028:trigger_reload:INFO:S:\Projects 2.0\RotarApp 2.0\RotarApp-2.0\SecReport\views.py changed, reloading.
2020-09-09 11:37:39,409:trigger_reload:INFO:S:\Projects 2.0\RotarApp 2.0\RotarApp-2.0\SecReport\views.py changed, reloading.
2020-09-09 11:37:47,436:trigger_reload:INFO:S:\Projects 2.0\RotarApp 2.0\RotarApp-2.0\SecReport\views.py changed, reloading.
2020-09-09 11:38:44,256:trigger_reload:INFO:S:\Projects 2.0\RotarApp 2.0\RotarApp-2.0\SecReport\views.py changed, reloading.
2020-09-09 11:39:28,138:trigger_reload:INFO:S:\Projects 2.0\RotarApp 2.0\RotarApp-2.0\SecReport\views.py changed, reloading.
2020-09-09 11:40:05,957:trigger_reload:INFO:S:\Projects 2.0\RotarApp 2.0\RotarApp-2.0\SecReport\views.py changed, reloading.
2020-09-09 11:40:11,320:trigger_reload:INFO:S:\Projects 2.0\RotarApp 2.0\RotarApp-2.0\SecReport\views.py changed, reloading.
2020-09-09 11:40:22,964:trigger_reload:INFO:S:\Projects 2.0\RotarApp 2.0\RotarApp-2.0\SecReport\views.py changed, reloading.
2020-09-09 11:40:31,945:trigger_reload:INFO:S:\Projects 2.0\RotarApp 2.0\RotarApp-2.0\SecReport\views.py changed, reloading.
2020-09-09 11:40:36,641:trigger_reload:INFO:S:\Projects 2.0\RotarApp 2.0\RotarApp-2.0\SecReport\views.py changed, reloading.
2020-09-09 11:40:45,102:trigger_reload:INFO:S:\Projects 2.0\RotarApp 2.0\RotarApp-2.0\SecReport\views.py changed, reloading.
2020-09-09 11:41:00,891:trigger_reload:INFO:S:\Projects 2.0\RotarApp 2.0\RotarApp-2.0\SecReport\views.py changed, reloading.
2020-09-09 11:41:10,218:trigger_reload:INFO:S:\Projects 2.0\RotarApp 2.0\RotarApp-2.0\SecReport\views.py changed, reloading.
2020-09-09 11:41:21,291:trigger_reload:INFO:S:\Projects 2.0\RotarApp 2.0\RotarApp-2.0\SecReport\views.py changed, reloading.
2020-09-09 11:41:29,305:trigger_reload:INFO:S:\Projects 2.0\RotarApp 2.0\RotarApp-2.0\SecReport\views.py changed, reloading.
2020-09-09 11:41:37,446:trigger_reload:INFO:S:\Projects 2.0\RotarApp 2.0\RotarApp-2.0\SecReport\views.py changed, reloading.
2020-09-09 11:42:31,429:trigger_reload:INFO:S:\Projects 2.0\RotarApp 2.0\RotarApp-2.0\SecReport\views.py changed, reloading.
2020-09-09 11:42:36,093:trigger_reload:INFO:S:\Projects 2.0\RotarApp 2.0\RotarApp-2.0\SecReport\views.py changed, reloading.
2020-09-09 11:42:39,290:trigger_reload:INFO:S:\Projects 2.0\RotarApp 2.0\RotarApp-2.0\SecReport\views.py changed, reloading.
2020-09-09 11:42:42,375:trigger_reload:INFO:S:\Projects 2.0\RotarApp 2.0\RotarApp-2.0\SecReport\views.py changed, reloading.
2020-09-09 11:42:45,216:trigger_reload:INFO:S:\Projects 2.0\RotarApp 2.0\RotarApp-2.0\SecReport\views.py changed, reloading.
2020-09-09 11:42:48,364:trigger_reload:INFO:S:\Projects 2.0\RotarApp 2.0\RotarApp-2.0\SecReport\views.py changed, reloading.
2020-09-09 11:43:34,075:trigger_reload:INFO:S:\Projects 2.0\RotarApp 2.0\RotarApp-2.0\SecReport\views.py changed, reloading.
2020-09-09 11:43:46,878:trigger_reload:INFO:S:\Projects 2.0\RotarApp 2.0\RotarApp-2.0\SecReport\views.py changed, reloading.
2020-09-09 11:43:53,228:trigger_reload:INFO:S:\Projects 2.0\RotarApp 2.0\RotarApp-2.0\SecReport\views.py changed, reloading.
2020-09-09 11:44:03,526:trigger_reload:INFO:S:\Projects 2.0\RotarApp 2.0\RotarApp-2.0\SecReport\views.py changed, reloading.
2020-09-09 11:44:09,152:trigger_reload:INFO:S:\Projects 2.0\RotarApp 2.0\RotarApp-2.0\SecReport\views.py changed, reloading.
2020-09-09 11:44:19,784:trigger_reload:INFO:S:\Projects 2.0\RotarApp 2.0\RotarApp-2.0\SecReport\views.py changed, reloading.
2020-09-09 11:44:23,177:trigger_reload:INFO:S:\Projects 2.0\RotarApp 2.0\RotarApp-2.0\SecReport\views.py changed, reloading.
2020-09-09 11:44:31,891:trigger_reload:INFO:S:\Projects 2.0\RotarApp 2.0\RotarApp-2.0\SecReport\views.py changed, reloading.
2020-09-09 11:44:42,918:trigger_reload:INFO:S:\Projects 2.0\RotarApp 2.0\RotarApp-2.0\SecReport\views.py changed, reloading.
2020-09-09 11:46:05,278:present_report:ERROR:Superuser: Report initialisation failed. Exception :DuesPaid matching query does not exist.
2020-09-09 11:46:05,493:present_report:ERROR:Superuser: Report initialisation failed. Exception :DuesPaid matching query does not exist.
2020-09-09 11:46:05,674:present_report:ERROR:Superuser: Report initialisation failed. Exception :DuesPaid matching query does not exist.
2020-09-09 11:46:05,767:present_report:ERROR:Superuser: Report initialisation failed. Exception :DuesPaid matching query does not exist.
2020-09-09 11:46:05,824:present_report:ERROR:Superuser: Report initialisation failed. Exception :DuesPaid matching query does not exist.
2020-09-09 11:46:05,894:present_report:ERROR:Superuser: Report initialisation failed. Exception :DuesPaid matching query does not exist.
2020-09-09 11:46:05,966:present_report:ERROR:Superuser: Report initialisation failed. Exception :DuesPaid matching query does not exist.
2020-09-09 11:46:06,038:present_report:ERROR:Superuser: Report initialisation failed. Exception :DuesPaid matching query does not exist.
2020-09-09 11:46:06,118:present_report:ERROR:Superuser: Report initialisation failed. Exception :DuesPaid matching query does not exist.
2020-09-09 11:46:06,242:present_report:ERROR:Superuser: Report initialisation failed. Exception :DuesPaid matching query does not exist.
2020-09-09 11:46:06,348:present_report:ERROR:Superuser: Report initialisation failed. Exception :DuesPaid matching query does not exist.
2020-09-09 11:46:06,419:present_report:ERROR:Superuser: Report initialisation failed. Exception :DuesPaid matching query does not exist.
2020-09-09 11:46:06,618:present_report:ERROR:Superuser: Report initialisation failed. Exception :DuesPaid matching query does not exist.
2020-09-09 11:46:06,793:present_report:ERROR:Superuser: Report initialisation failed. Exception :DuesPaid matching query does not exist.
2020-09-09 11:46:06,959:present_report:ERROR:Superuser: Report initialisation failed. Exception :DuesPaid matching query does not exist.
2020-09-09 11:46:07,173:present_report:ERROR:Superuser: Report initialisation failed. Exception :DuesPaid matching query does not exist.
2020-09-09 11:46:07,347:present_report:ERROR:Superuser: Report initialisation failed. Exception :DuesPaid matching query does not exist.
2020-09-09 11:46:07,569:present_report:ERROR:Superuser: Report initialisation failed. Exception :DuesPaid matching query does not exist.
2020-09-09 11:46:07,675:present_report:ERROR:Superuser: Report initialisation failed. Exception :DuesPaid matching query does not exist.
2020-09-09 11:46:07,753:present_report:ERROR:Superuser: Report initialisation failed. Exception :DuesPaid matching query does not exist.
2020-09-09 11:46:08,045:present_report:ERROR:Superuser: Report initialisation failed. Exception :DuesPaid matching query does not exist.
2020-09-09 11:46:08,139:present_report:ERROR:Superuser: Report initialisation failed. Exception :DuesPaid matching query does not exist.
2020-09-09 11:46:08,228:present_report:ERROR:Superuser: Report initialisation failed. Exception :DuesPaid matching query does not exist.
2020-09-09 11:46:08,311:present_report:ERROR:Superuser: Report initialisation failed. Exception :DuesPaid matching query does not exist.
2020-09-09 11:46:08,492:present_report:ERROR:Superuser: Report initialisation failed. Exception :DuesPaid matching query does not exist.
2020-09-09 11:46:08,668:present_report:ERROR:Superuser: Report initialisation failed. Exception :DuesPaid matching query does not exist.
2020-09-09 11:46:08,767:present_report:ERROR:Superuser: Report initialisation failed. Exception :DuesPaid matching query does not exist.
2020-09-09 11:46:08,901:present_report:ERROR:Superuser: Report initialisation failed. Exception :DuesPaid matching query does not exist.
2020-09-09 11:46:09,061:present_report:ERROR:Superuser: Report initialisation failed. Exception :DuesPaid matching query does not exist.
2020-09-09 11:46:09,157:present_report:ERROR:Superuser: Report initialisation failed. Exception :DuesPaid matching query does not exist.
2020-09-09 11:46:09,231:present_report:ERROR:Superuser: Report initialisation failed. Exception :DuesPaid matching query does not exist.
2020-09-09 11:46:09,287:present_report:ERROR:Superuser: Report initialisation failed. Exception :DuesPaid matching query does not exist.
2020-09-09 11:46:09,369:present_report:ERROR:Superuser: Report initialisation failed. Exception :DuesPaid matching query does not exist.
2020-09-09 11:46:09,453:present_report:ERROR:Superuser: Report initialisation failed. Exception :DuesPaid matching query does not exist.
2020-09-09 11:46:09,628:present_report:ERROR:Superuser: Report initialisation failed. Exception :DuesPaid matching query does not exist.
2020-09-09 11:46:09,809:present_report:ERROR:Superuser: Report initialisation failed. Exception :DuesPaid matching query does not exist.
2020-09-09 11:46:10,109:present_report:ERROR:Superuser: Report initialisation failed. Exception :DuesPaid matching query does not exist.
2020-09-09 11:46:10,261:present_report:ERROR:Superuser: Report initialisation failed. Exception :DuesPaid matching query does not exist.
2020-09-09 11:46:10,400:present_report:ERROR:Superuser: Report initialisation failed. Exception :DuesPaid matching query does not exist.
2020-09-09 11:46:10,516:present_report:ERROR:Superuser: Report initialisation failed. Exception :DuesPaid matching query does not exist.
2020-09-09 11:46:15,699:present_report:ERROR:Superuser: Report initialisation failed. Exception :DuesPaid matching query does not exist.
2020-09-09 11:46:15,820:present_report:ERROR:Superuser: Report initialisation failed. Exception :DuesPaid matching query does not exist.
2020-09-09 11:46:15,897:present_report:ERROR:Superuser: Report initialisation failed. Exception :DuesPaid matching query does not exist.
2020-09-09 11:46:15,958:present_report:ERROR:Superuser: Report initialisation failed. Exception :DuesPaid matching query does not exist.
2020-09-09 11:46:16,056:present_report:ERROR:Superuser: Report initialisation failed. Exception :DuesPaid matching query does not exist.
2020-09-09 11:46:16,150:present_report:ERROR:Superuser: Report initialisation failed. Exception :DuesPaid matching query does not exist.
2020-09-09 11:46:16,316:present_report:ERROR:Superuser: Report initialisation failed. Exception :DuesPaid matching query does not exist.
2020-09-09 11:46:16,453:present_report:ERROR:Superuser: Report initialisation failed. Exception :DuesPaid matching query does not exist.
2020-09-09 11:46:16,630:present_report:ERROR:Superuser: Report initialisation failed. Exception :DuesPaid matching query does not exist.
2020-09-09 11:46:16,818:present_report:ERROR:Superuser: Report initialisation failed. Exception :DuesPaid matching query does not exist.
2020-09-09 11:46:16,967:present_report:ERROR:Superuser: Report initialisation failed. Exception :DuesPaid matching query does not exist.
2020-09-09 11:46:17,108:present_report:ERROR:Superuser: Report initialisation failed. Exception :DuesPaid matching query does not exist.
2020-09-09 11:46:17,314:present_report:ERROR:Superuser: Report initialisation failed. Exception :DuesPaid matching query does not exist.
2020-09-09 11:46:17,409:present_report:ERROR:Superuser: Report initialisation failed. Exception :DuesPaid matching query does not exist.
2020-09-09 11:46:17,481:present_report:ERROR:Superuser: Report initialisation failed. Exception :DuesPaid matching query does not exist.
2020-09-09 11:46:17,538:present_report:ERROR:Superuser: Report initialisation failed. Exception :DuesPaid matching query does not exist.
2020-09-09 11:46:17,701:present_report:ERROR:Superuser: Report initialisation failed. Exception :DuesPaid matching query does not exist.
2020-09-09 11:46:17,842:present_report:ERROR:Superuser: Report initialisation failed. Exception :DuesPaid matching query does not exist.
2020-09-09 11:46:17,966:present_report:ERROR:Superuser: Report initialisation failed. Exception :DuesPaid matching query does not exist.
2020-09-09 11:46:18,105:present_report:ERROR:Superuser: Report initialisation failed. Exception :DuesPaid matching query does not exist.
2020-09-09 11:46:18,463:present_report:ERROR:Superuser: Report initialisation failed. Exception :DuesPaid matching query does not exist.
2020-09-09 11:46:18,617:present_report:ERROR:Superuser: Report initialisation failed. Exception :DuesPaid matching query does not exist.
2020-09-09 11:46:18,773:present_report:ERROR:Superuser: Report initialisation failed. Exception :DuesPaid matching query does not exist.
2020-09-09 11:46:18,900:present_report:ERROR:Superuser: Report initialisation failed. Exception :DuesPaid matching query does not exist.
2020-09-09 11:46:18,955:present_report:ERROR:Superuser: Report initialisation failed. Exception :DuesPaid matching query does not exist.
2020-09-09 11:46:19,037:present_report:ERROR:Superuser: Report initialisation failed. Exception :DuesPaid matching query does not exist.
2020-09-09 11:46:19,123:present_report:ERROR:Superuser: Report initialisation failed. Exception :DuesPaid matching query does not exist.
2020-09-09 11:46:19,203:present_report:ERROR:Superuser: Report initialisation failed. Exception :DuesPaid matching query does not exist.
2020-09-09 11:46:19,298:present_report:ERROR:Superuser: Report initialisation failed. Exception :DuesPaid matching query does not exist.
2020-09-09 11:46:19,480:present_report:ERROR:Superuser: Report initialisation failed. Exception :DuesPaid matching query does not exist.
2020-09-09 11:46:19,607:present_report:ERROR:Superuser: Report initialisation failed. Exception :DuesPaid matching query does not exist.
2020-09-09 11:46:19,738:present_report:ERROR:Superuser: Report initialisation failed. Exception :DuesPaid matching query does not exist.
2020-09-09 11:46:19,960:present_report:ERROR:Superuser: Report initialisation failed. Exception :DuesPaid matching query does not exist.
2020-09-09 11:46:20,133:present_report:ERROR:Superuser: Report initialisation failed. Exception :DuesPaid matching query does not exist.
2020-09-09 11:46:20,273:present_report:ERROR:Superuser: Report initialisation failed. Exception :DuesPaid matching query does not exist.
2020-09-09 11:46:20,440:present_report:ERROR:Superuser: Report initialisation failed. Exception :DuesPaid matching query does not exist.
2020-09-09 11:46:20,628:present_report:ERROR:Superuser: Report initialisation failed. Exception :DuesPaid matching query does not exist.
2020-09-09 11:46:20,811:present_report:ERROR:Superuser: Report initialisation failed. Exception :DuesPaid matching query does not exist.
2020-09-09 11:46:20,998:present_report:ERROR:Superuser: Report initialisation failed. Exception :DuesPaid matching query does not exist.
2020-09-09 11:46:21,175:present_report:ERROR:Superuser: Report initialisation failed. Exception :DuesPaid matching query does not exist.
2020-09-09 11:47:38,435:save_report:INFO:rcpanvelcentral: The Report is staged for saving
2020-09-09 11:47:38,464:save_report:INFO:rcpanvelcentral: The Report has been saved successfully
2020-09-09 11:48:14,004:save_report:INFO:rcpanvelcentral: The Report is staged for saving
2020-09-09 11:48:14,027:save_report:INFO:rcpanvelcentral: The Report has been saved successfully
2020-09-09 11:50:29,694:save_report:INFO:rcpanvelcentral: The Report is staged for saving
2020-09-09 11:50:29,719:save_report:INFO:rcpanvelcentral: The Report has been saved successfully
2020-09-09 11:50:31,564:finish_report:INFO:rcpanvelcentral: The Report has been staged for 'Finish'
2020-09-09 11:50:35,653:submit_report:INFO:rcpanvelcentral: The Report is staged for the final submit
2020-09-09 11:50:35,664:submit_report:INFO:rcpanvelcentral: The Report has been submitted successfully !
2020-09-09 11:50:45,084:submit_report:INFO:rcpanvelcentral: Automatic response successful !
2020-09-09 11:51:18,012:view_report:INFO:rcpanvelcentral: Presenting the view
2020-09-09 11:51:27,117:export_report:INFO:rcpanvelcentral: Export initialised !
2020-09-09 11:51:27,159:export_report:INFO:rcpanvelcentral: Export successful !
2020-09-09 11:52:14,497:trigger_reload:INFO:S:\Projects 2.0\RotarApp 2.0\RotarApp-2.0\RotarApp\settings.py changed, reloading.
